<?xml version="1.0" encoding="UTF-8"?>
<testng-results skipped="0" failed="0" ignored="0" total="1" passed="1">
  <reporter-output>
  </reporter-output>
  <suite name="Command line suite" duration-ms="15574" started-at="2019-09-17T09:59:24Z" finished-at="2019-09-17T09:59:39Z">
    <groups>
    </groups>
    <test name="Command line test" duration-ms="15574" started-at="2019-09-17T09:59:24Z" finished-at="2019-09-17T09:59:39Z">
      <class name="com.radiant.microservices.testsuites.TNCTest">
        <test-method status="PASS" signature="tncTestSuite()[pri:0, instance:com.radiant.microservices.testsuites.TNCTest@1e88b3c]" name="tncTestSuite" duration-ms="14171" started-at="2019-09-17T09:59:24Z" finished-at="2019-09-17T09:59:38Z">
          <reporter-output>
          </reporter-output>
        </test-method> <!-- tncTestSuite -->
        <test-method status="PASS" signature="sendReport()[pri:0, instance:com.radiant.microservices.testsuites.TNCTest@1e88b3c]" name="sendReport" is-config="true" duration-ms="1359" started-at="2019-09-17T09:59:38Z" finished-at="2019-09-17T09:59:39Z">
          <reporter-output>
          </reporter-output>
        </test-method> <!-- sendReport -->
      </class> <!-- com.radiant.microservices.testsuites.TNCTest -->
    </test> <!-- Command line test -->
  </suite> <!-- Command line suite -->
</testng-results>
