<?xml version="1.0" encoding="UTF-8"?>
<testng-results skipped="0" failed="0" ignored="0" total="1" passed="1">
  <reporter-output>
  </reporter-output>
  <suite name="Command line suite" duration-ms="45" started-at="2019-09-19T13:00:13Z" finished-at="2019-09-19T13:00:13Z">
    <groups>
    </groups>
    <test name="Command line test" duration-ms="45" started-at="2019-09-19T13:00:13Z" finished-at="2019-09-19T13:00:13Z">
      <class name="maven.radinatmicro.AppTest">
        <test-method status="PASS" signature="testApp()" name="testApp" duration-ms="25" started-at="2019-09-19T13:00:13Z" finished-at="2019-09-19T13:00:13Z">
          <reporter-output>
          </reporter-output>
        </test-method> <!-- testApp -->
      </class> <!-- maven.radinatmicro.AppTest -->
    </test> <!-- Command line test -->
  </suite> <!-- Command line suite -->
</testng-results>
