<?xml version="1.0" encoding="UTF-8"?>
<testng-results skipped="0" failed="0" ignored="0" total="1" passed="1">
  <reporter-output>
  </reporter-output>
  <suite name="Command line suite" duration-ms="49112" started-at="2019-09-19T12:59:24Z" finished-at="2019-09-19T13:00:13Z">
    <groups>
    </groups>
    <test name="Command line test" duration-ms="49112" started-at="2019-09-19T12:59:24Z" finished-at="2019-09-19T13:00:13Z">
      <class name="com.radiant.microservices.testsuites.TNCTest">
        <test-method status="PASS" signature="tncTestSuite()[pri:0, instance:com.radiant.microservices.testsuites.TNCTest@42d80b78]" name="tncTestSuite" duration-ms="47739" started-at="2019-09-19T12:59:24Z" finished-at="2019-09-19T13:00:11Z">
          <reporter-output>
          </reporter-output>
        </test-method> <!-- tncTestSuite -->
        <test-method status="PASS" signature="sendReport()[pri:0, instance:com.radiant.microservices.testsuites.TNCTest@42d80b78]" name="sendReport" is-config="true" duration-ms="1351" started-at="2019-09-19T13:00:11Z" finished-at="2019-09-19T13:00:13Z">
          <reporter-output>
          </reporter-output>
        </test-method> <!-- sendReport -->
      </class> <!-- com.radiant.microservices.testsuites.TNCTest -->
    </test> <!-- Command line test -->
  </suite> <!-- Command line suite -->
</testng-results>
